C51 COMPILER V9.60.7.0   MAIN                                                              08/08/2024 19:00:32 PAGE 1   


C51 COMPILER V9.60.7.0, COMPILATION OF MODULE MAIN
OBJECT MODULE PLACED IN .\obj\main.obj
COMPILER INVOKED BY: D:\Develop\Keil_v5\C51\BIN\C51.EXE src\main.c OPTIMIZE(8,SPEED) BROWSE DEBUG OBJECTEXTEND PRINT(.\o
                    -bj\main.lst) TABS(2) OBJECT(.\obj\main.obj)

line level    source

   1          /*---------------------------------------------------------------------*/
   2          /* --- STC MCU Limited ------------------------------------------------*/
   3          /* --- STC 1T Series MCU Demo Programme -------------------------------*/
   4          /* --- Mobile: (86)13922805190 ----------------------------------------*/
   5          /* --- Fax: 86-0513-55012956,55012947,55012969 ------------------------*/
   6          /* --- Tel: 86-0513-55012928,55012929,55012966 ------------------------*/
   7          /* --- Web: www.STCAI.com ---------------------------------------------*/
   8          /* --- BBS: www.STCAIMCU.com  -----------------------------------------*/
   9          /* --- QQ:  800003751 -------------------------------------------------*/
  10          /* 如果要在程序中使用此代码,请在程序中注明使用了STC的资料及程序        */
  11          /*---------------------------------------------------------------------*/
  12          
  13          /*************  功能说明    **************
  14          
  15          本例程基于STC8H8K64U为主控芯片的实验箱9进行编写测试.
  16          
  17          HID(Human Interface Device)协议范例
  18          
  19          示例代码名称的字符1-4为相应USB设备的VID,字符6-9为相应USB设备的PID
  20          
  21          将代码下载到试验箱后，可使用最新的STC-ISP下载软件中的HID助手检测测试
  22          
  23          下载时, 设置IRC工作频率为 24MHz.
  24          
  25          ******************************************/
  26          
  27          #include "stc.h"
  28          #include "usb.h"
  29          
  30          void sys_init();
  31          
  32          void main()
  33          {
  34   1        P_SW2 |= 0x80;  //扩展寄存器(XFR)访问使能
  35   1      
  36   1          usb_init();
  37   1          EA = 1;
  38   1          
  39   1          while (1);
  40   1      }


MODULE INFORMATION:   STATIC OVERLAYABLE
   CODE SIZE        =     10    ----
   CONSTANT SIZE    =   ----    ----
   XDATA SIZE       =   ----    ----
   PDATA SIZE       =   ----    ----
   DATA SIZE        =   ----    ----
   IDATA SIZE       =   ----    ----
   BIT SIZE         =   ----    ----
END OF MODULE INFORMATION.


C51 COMPILATION COMPLETE.  0 WARNING(S),  0 ERROR(S)
