C51 COMPILER V9.60.7.0   USB_REQ_CLASS                                                     08/08/2024 19:00:32 PAGE 1   


C51 COMPILER V9.60.7.0, COMPILATION OF MODULE USB_REQ_CLASS
OBJECT MODULE PLACED IN .\obj\usb_req_class.obj
COMPILER INVOKED BY: D:\Develop\Keil_v5\C51\BIN\C51.EXE src\usb_req_class.c OPTIMIZE(8,SPEED) BROWSE DEBUG OBJECTEXTEND 
                    -PRINT(.\obj\usb_req_class.lst) TABS(2) OBJECT(.\obj\usb_req_class.obj)

line level    source

   1          /*---------------------------------------------------------------------*/
   2          /* --- STC MCU Limited ------------------------------------------------*/
   3          /* --- STC 1T Series MCU Demo Programme -------------------------------*/
   4          /* --- Mobile: (86)13922805190 ----------------------------------------*/
   5          /* --- Fax: 86-0513-55012956,55012947,55012969 ------------------------*/
   6          /* --- Tel: 86-0513-55012928,55012929,55012966 ------------------------*/
   7          /* --- Web: www.STCAI.com ---------------------------------------------*/
   8          /* --- Web: www.STCMCUDATA.com  ---------------------------------------*/
   9          /* --- BBS: www.STCAIMCU.com  -----------------------------------------*/
  10          /* --- QQ:  800003751 -------------------------------------------------*/
  11          /* 如果要在程序中使用此代码,请在程序中注明使用了STC的资料及程序        */
  12          /*---------------------------------------------------------------------*/
  13          
  14          #include "stc.h"
  15          #include "usb.h"
  16          #include "usb_req_class.h"
  17          
  18          BYTE bHidIdle;
  19          
  20          void usb_req_class()
  21          {
  22   1          switch (Setup.bRequest)
  23   1          {
  24   2          case GET_REPORT:
  25   2              usb_get_report();
  26   2              break;
  27   2          case SET_REPORT:
  28   2              usb_set_report();
  29   2              break;
  30   2          case GET_IDLE:
  31   2              usb_get_idle();
  32   2              break;
  33   2          case SET_IDLE:
  34   2              usb_set_idle();
  35   2              break;
  36   2          case GET_PROTOCOL:
  37   2              usb_get_protocol();
  38   2              break;
  39   2          case SET_PROTOCOL:
  40   2              usb_set_protocol();
  41   2              break;
  42   2          default:
  43   2              usb_setup_stall();
  44   2              return;
  45   2          }
  46   1      }
  47          
  48          void usb_get_report()
  49          {
  50   1          if ((DeviceState != DEVSTATE_CONFIGURED) ||
  51   1              (Setup.bmRequestType != (IN_DIRECT | CLASS_REQUEST | INTERFACE_RECIPIENT)))
  52   1          {
  53   2              usb_setup_stall();
  54   2              return;
C51 COMPILER V9.60.7.0   USB_REQ_CLASS                                                     08/08/2024 19:00:32 PAGE 2   

  55   2          }
  56   1      
  57   1          Ep0State.pData = UsbBuffer;
  58   1          Ep0State.wSize = Setup.wLength;
  59   1      
  60   1          usb_setup_in();
  61   1      }
  62          
  63          void usb_set_report()
  64          {
  65   1          if ((DeviceState != DEVSTATE_CONFIGURED) ||
  66   1              (Setup.bmRequestType != (OUT_DIRECT | CLASS_REQUEST | INTERFACE_RECIPIENT)))
  67   1          {
  68   2              usb_setup_stall();
  69   2              return;
  70   2          }
  71   1      
  72   1          Ep0State.pData = UsbBuffer;
  73   1          Ep0State.wSize = Setup.wLength;
  74   1      
  75   1          usb_setup_out();
  76   1      }
  77          
  78          void usb_get_idle()
  79          {
  80   1          if ((DeviceState != DEVSTATE_CONFIGURED) ||
  81   1              (Setup.bmRequestType != (IN_DIRECT | CLASS_REQUEST | INTERFACE_RECIPIENT)))
  82   1          {
  83   2              usb_setup_stall();
  84   2              return;
  85   2          }
  86   1      
  87   1          Ep0State.pData = &bHidIdle;
  88   1          Ep0State.wSize = 1;
  89   1      
  90   1          usb_setup_in();
  91   1      }
  92          
  93          void usb_set_idle()
  94          {
  95   1          if ((DeviceState != DEVSTATE_CONFIGURED) ||
  96   1              (Setup.bmRequestType != (OUT_DIRECT | CLASS_REQUEST | INTERFACE_RECIPIENT)))
  97   1          {
  98   2              usb_setup_stall();
  99   2              return;
 100   2          }
 101   1      
 102   1          bHidIdle = Setup.wValueH;
 103   1      
 104   1          usb_setup_status();
 105   1      }
 106          
 107          void usb_get_protocol()
 108          {
 109   1          usb_setup_stall();
 110   1      }
 111          
 112          void usb_set_protocol()
 113          {
 114   1          usb_setup_stall();
 115   1      }

C51 COMPILER V9.60.7.0   USB_REQ_CLASS                                                     08/08/2024 19:00:32 PAGE 3   


MODULE INFORMATION:   STATIC OVERLAYABLE
   CODE SIZE        =    171    ----
   CONSTANT SIZE    =   ----    ----
   XDATA SIZE       =   ----    ----
   PDATA SIZE       =   ----    ----
   DATA SIZE        =      1    ----
   IDATA SIZE       =   ----    ----
   BIT SIZE         =   ----    ----
END OF MODULE INFORMATION.


C51 COMPILATION COMPLETE.  0 WARNING(S),  0 ERROR(S)
